<?xml version="1.0" encoding="UTF-8"?>
<testng-results skipped="0" failed="0" ignored="0" total="2" passed="2">
  <reporter-output>
  </reporter-output>
  <suite name="Surefire suite" duration-ms="27343" started-at="2021-02-09T12:32:28Z" finished-at="2021-02-09T12:32:55Z">
    <groups>
    </groups>
    <test name="Surefire test" duration-ms="27343" started-at="2021-02-09T12:32:28Z" finished-at="2021-02-09T12:32:55Z">
      <class name="org.martinstest.DemoTest">
        <test-method status="PASS" signature="setUp()[pri:0, instance:org.martinstest.DemoTest@3567135c]" name="setUp" is-config="true" duration-ms="6314" started-at="2021-02-09T12:32:28Z" finished-at="2021-02-09T12:32:34Z">
          <reporter-output>
          </reporter-output>
        </test-method> <!-- setUp -->
        <test-method status="PASS" signature="flightTest(java.util.HashMap)[pri:0, instance:org.martinstest.DemoTest@3567135c]" name="flightTest" duration-ms="14833" started-at="2021-02-09T12:32:35Z" data-provider="getData" finished-at="2021-02-09T12:32:50Z">
          <params>
            <param index="0">
              <value>
                <![CDATA[{destination2=GOI, origin=MAA, destination3=DEL, destination=HYD, origin2=BLR, origin3=JLR}]]>
              </value>
            </param>
          </params>
          <reporter-output>
          </reporter-output>
        </test-method> <!-- flightTest -->
        <test-method status="PASS" signature="flightTest(java.util.HashMap)[pri:0, instance:org.martinstest.DemoTest@3567135c]" name="flightTest" duration-ms="4489" started-at="2021-02-09T12:32:50Z" data-provider="getData" finished-at="2021-02-09T12:32:54Z">
          <params>
            <param index="0">
              <value>
                <![CDATA[{destination2=GOI, origin=MAA, destination3=DEL, destination=HYD, origin2=BLR, origin3=JLR}]]>
              </value>
            </param>
          </params>
          <reporter-output>
          </reporter-output>
        </test-method> <!-- flightTest -->
        <test-method status="PASS" signature="tearDown()[pri:0, instance:org.martinstest.DemoTest@3567135c]" name="tearDown" is-config="true" duration-ms="1266" started-at="2021-02-09T12:32:54Z" finished-at="2021-02-09T12:32:55Z">
          <reporter-output>
          </reporter-output>
        </test-method> <!-- tearDown -->
      </class> <!-- org.martinstest.DemoTest -->
    </test> <!-- Surefire test -->
  </suite> <!-- Surefire suite -->
</testng-results>
